ChamadoIncidentesServidor/app/build/intermediates/manifest_merge_blame_file/debug/manifest-merger-blame-debug-report.txt
1<?xml version="1.0" encoding="utf-8"?>
2<manifest xmlns:android="http://schemas.android.com/apk/res/android"
3    package="com.example.chamadoincidentesservidor"
4    android:versionCode="1"
5    android:versionName="1.0" >
6
7    <uses-sdk
8        android:minSdkVersion="19"
8-->src\main\AndroidManifest.xml
9        android:targetSdkVersion="29" />
9-->src\main\AndroidManifest.xml
10
11    <application
11-->src\main\AndroidManifest.xml:5:5-21:19
12        android:allowBackup="true"
12-->src\main\AndroidManifest.xml:6:9-35
13        android:appComponentFactory="androidx.core.app.CoreComponentFactory"
13-->[androidx.core:core:1.1.0] AndroidManifest.xml:24:18-86
14        android:debuggable="true"
15        android:icon="@mipmap/ic_launcher"
15-->src\main\AndroidManifest.xml:7:9-43
16        android:label="@string/app_name"
16-->src\main\AndroidManifest.xml:8:9-41
17        android:roundIcon="@mipmap/ic_launcher_round"
17-->src\main\AndroidManifest.xml:9:9-54
18        android:supportsRtl="true"
18-->src\main\AndroidManifest.xml:10:9-35
19        android:testOnly="true"
20        android:theme="@style/AppTheme" >
20-->src\main\AndroidManifest.xml:11:9-40
21        <activity android:name="com.example.chamadoincidentesservidor.SaveActivity" />
21-->src\main\AndroidManifest.xml:12:9-59
21-->src\main\AndroidManifest.xml:12:19-47
22        <activity android:name="com.example.chamadoincidentesservidor.IncidentActivity" />
22-->src\main\AndroidManifest.xml:13:9-54
22-->src\main\AndroidManifest.xml:13:19-51
23        <activity android:name="com.example.chamadoincidentesservidor.MainActivity" >
23-->src\main\AndroidManifest.xml:14:9-20:20
23-->src\main\AndroidManifest.xml:14:19-47
24            <intent-filter>
24-->src\main\AndroidManifest.xml:15:13-19:29
25                <action android:name="android.intent.action.MAIN" />
25-->src\main\AndroidManifest.xml:16:17-69
25-->src\main\AndroidManifest.xml:16:25-66
26
27                <category android:name="android.intent.category.LAUNCHER" />
27-->src\main\AndroidManifest.xml:18:17-77
27-->src\main\AndroidManifest.xml:18:27-74
28            </intent-filter>
29        </activity>
30        <activity
30-->[com.google.firebase:firebase-auth:16.0.5] AndroidManifest.xml:24:9-31:50
31            android:name="com.google.firebase.auth.internal.FederatedSignInActivity"
31-->[com.google.firebase:firebase-auth:16.0.5] AndroidManifest.xml:25:13-85
32            android:excludeFromRecents="true"
32-->[com.google.firebase:firebase-auth:16.0.5] AndroidManifest.xml:26:13-46
33            android:exported="true"
33-->[com.google.firebase:firebase-auth:16.0.5] AndroidManifest.xml:27:13-36
34            android:launchMode="singleTask"
34-->[com.google.firebase:firebase-auth:16.0.5] AndroidManifest.xml:28:13-44
35            android:permission="com.google.firebase.auth.api.gms.permission.LAUNCH_FEDERATED_SIGN_IN"
35-->[com.google.firebase:firebase-auth:16.0.5] AndroidManifest.xml:29:13-102
36            android:theme="@android:style/Theme.Translucent.NoTitleBar" />
36-->[com.google.firebase:firebase-auth:16.0.5] AndroidManifest.xml:30:13-72
37
38        <service
38-->[com.google.firebase:firebase-auth:16.0.5] AndroidManifest.xml:33:9-39:19
39            android:name="com.google.firebase.components.ComponentDiscoveryService"
39-->[com.google.firebase:firebase-auth:16.0.5] AndroidManifest.xml:34:13-84
40            android:exported="false" >
40-->[com.google.firebase:firebase-auth:16.0.5] AndroidManifest.xml:35:13-37
41            <meta-data
41-->[com.google.firebase:firebase-auth:16.0.5] AndroidManifest.xml:36:13-38:85
42                android:name="com.google.firebase.components:com.google.firebase.auth.FirebaseAuthRegistrar"
42-->[com.google.firebase:firebase-auth:16.0.5] AndroidManifest.xml:37:17-109
43                android:value="com.google.firebase.components.ComponentRegistrar" />
43-->[com.google.firebase:firebase-auth:16.0.5] AndroidManifest.xml:38:17-82
44        </service>
45
46        <activity
46-->[com.google.android.gms:play-services-base:16.0.1] AndroidManifest.xml:23:9-26:75
47            android:name="com.google.android.gms.common.api.GoogleApiActivity"
47-->[com.google.android.gms:play-services-base:16.0.1] AndroidManifest.xml:24:13-79
48            android:exported="false"
48-->[com.google.android.gms:play-services-base:16.0.1] AndroidManifest.xml:25:13-37
49            android:theme="@android:style/Theme.Translucent.NoTitleBar" />
49-->[com.google.android.gms:play-services-base:16.0.1] AndroidManifest.xml:26:13-72
50
51        <provider
51-->[com.google.firebase:firebase-common:16.0.3] AndroidManifest.xml:10:9-14:39
52            android:name="com.google.firebase.provider.FirebaseInitProvider"
52-->[com.google.firebase:firebase-common:16.0.3] AndroidManifest.xml:11:13-77
53            android:authorities="com.example.chamadoincidentesservidor.firebaseinitprovider"
53-->[com.google.firebase:firebase-common:16.0.3] AndroidManifest.xml:12:13-72
54            android:exported="false"
54-->[com.google.firebase:firebase-common:16.0.3] AndroidManifest.xml:13:13-37
55            android:initOrder="100" />
55-->[com.google.firebase:firebase-common:16.0.3] AndroidManifest.xml:14:13-36
56
57        <meta-data
57-->[com.google.android.gms:play-services-basement:16.1.0] AndroidManifest.xml:23:9-25:69
58            android:name="com.google.android.gms.version"
58-->[com.google.android.gms:play-services-basement:16.1.0] AndroidManifest.xml:24:13-58
59            android:value="@integer/google_play_services_version" />
59-->[com.google.android.gms:play-services-basement:16.1.0] AndroidManifest.xml:25:13-66
60    </application>
61
62</manifest>